<?xml version="1.0" encoding="UTF-8"?>
<!-- Generated by org.testng.reporters.JUnitReportReporter -->
<testsuite hostname="IN-PG02NMYW" failures="0" tests="1" name="sample.TestCode" time="10.239" errors="0" timestamp="2023-10-07T13:14:05 IST" skipped="0">
  <testcase classname="sample.TestCode" name="lauchBrowser" time="10.239"/>
</testsuite> <!-- sample.TestCode -->
