<?xml version="1.0" encoding="UTF-8"?>
<!-- Generated by org.testng.reporters.JUnitReportReporter -->
<testsuite hostname="IN-PG02NMYW" failures="0" tests="1" name="sample.TestCode" time="8.953" errors="0" timestamp="2023-10-06T20:43:49 IST" skipped="0">
  <testcase classname="sample.TestCode" name="lauchBrowser" time="8.953"/>
  <system-out/>
</testsuite> <!-- sample.TestCode -->
